2025-12-12 00:59:03,490 - INFO - Starting searching paths: C:\Users\hryma\Downloads
2025-12-12 00:59:03,491 - INFO - Erasing: True
2025-12-12 00:59:04,474 - INFO - Found empty file: C:\Users\hryma\Downloads\Nová složka
2025-12-12 00:59:04,474 - INFO - Found empty file: C:\Users\hryma\Downloads\Nová složka (2)
2025-12-12 00:59:04,474 - INFO - Found empty file: C:\Users\hryma\Downloads\Nová složka (3)
2025-12-12 00:59:04,474 - INFO - Found empty file: C:\Users\hryma\Downloads\Nová složka - kopie
2025-12-12 00:59:04,474 - INFO - Found empty file: C:\Users\hryma\Downloads\Nová složka - kopie (2)
2025-12-12 00:59:04,474 - INFO - Found empty file: C:\Users\hryma\Downloads\Nová složka - kopie (3)
2025-12-12 00:59:04,474 - INFO - Found empty file: C:\Users\hryma\Downloads\Nová složka - kopie (4)
2025-12-12 00:59:04,868 - INFO - End

2025-12-12 01:00:13,418 - INFO - Starting searching paths: C:\Users\hryma\Downloads
2025-12-12 01:00:13,418 - INFO - Erasing: True
2025-12-12 01:00:14,609 - INFO - Found empty file: C:\Users\hryma\Downloads\Nová složka
2025-12-12 01:00:14,609 - INFO - Found empty file: C:\Users\hryma\Downloads\Nová složka (2)
2025-12-12 01:00:14,609 - INFO - Found empty file: C:\Users\hryma\Downloads\Nová složka (3)
2025-12-12 01:00:14,609 - INFO - Found empty file: C:\Users\hryma\Downloads\Nová složka - kopie
2025-12-12 01:00:14,609 - INFO - Found empty file: C:\Users\hryma\Downloads\Nová složka - kopie (2)
2025-12-12 01:00:14,610 - INFO - Found empty file: C:\Users\hryma\Downloads\Nová složka - kopie (3)
2025-12-12 01:00:14,610 - INFO - Found empty file: C:\Users\hryma\Downloads\Nová složka - kopie (4)
2025-12-12 01:00:15,141 - INFO - End

2025-12-12 01:22:08,008 - INFO - Found empty file: C:\Users\hryma\Downloads\Nová složka
2025-12-12 01:22:08,008 - INFO - Found empty file: C:\Users\hryma\Downloads\Nová složka - kopie
2025-12-12 01:22:08,009 - INFO - Found empty file: C:\Users\hryma\Downloads\Nová složka - kopie (2)
2025-12-12 01:22:08,009 - INFO - Found empty file: C:\Users\hryma\Downloads\Nová složka - kopie (3)
2025-12-12 01:22:08,009 - INFO - Found empty file: C:\Users\hryma\Downloads\Nová složka - kopie (4)
2025-12-12 01:22:08,009 - INFO - Found empty file: C:\Users\hryma\Downloads\Nová složka - kopie (5)
2025-12-12 01:22:38,540 - INFO - Found empty file: C:\Users\hryma\Downloads\Nová složka
2025-12-12 01:22:38,540 - INFO - Deleted file: C:\Users\hryma\Downloads\Nová složka
2025-12-12 01:22:38,540 - INFO - Found empty file: C:\Users\hryma\Downloads\Nová složka - kopie
2025-12-12 01:22:38,541 - INFO - Deleted file: C:\Users\hryma\Downloads\Nová složka - kopie
2025-12-12 01:22:38,541 - INFO - Found empty file: C:\Users\hryma\Downloads\Nová složka - kopie (2)
2025-12-12 01:22:38,541 - INFO - Deleted file: C:\Users\hryma\Downloads\Nová složka - kopie (2)
2025-12-12 01:22:38,541 - INFO - Found empty file: C:\Users\hryma\Downloads\Nová složka - kopie (3)
2025-12-12 01:22:38,541 - INFO - Deleted file: C:\Users\hryma\Downloads\Nová složka - kopie (3)
2025-12-12 01:22:38,541 - INFO - Found empty file: C:\Users\hryma\Downloads\Nová složka - kopie (4)
2025-12-12 01:22:38,542 - INFO - Deleted file: C:\Users\hryma\Downloads\Nová složka - kopie (4)
2025-12-12 01:22:38,542 - INFO - Found empty file: C:\Users\hryma\Downloads\Nová složka - kopie (5)
2025-12-12 01:22:38,542 - INFO - Deleted file: C:\Users\hryma\Downloads\Nová složka - kopie (5)
2025-12-13 00:04:18,228 - INFO - Found empty file: C:\Users\hryma\Downloads\Nová složka
2025-12-13 00:04:18,229 - INFO - Found empty file: C:\Users\hryma\Downloads\Nová složka - kopie
2025-12-13 00:04:18,229 - INFO - Found empty file: C:\Users\hryma\Downloads\Nová složka - kopie (2)
2025-12-13 00:04:18,229 - INFO - Found empty file: C:\Users\hryma\Downloads\Nová složka - kopie (3)
2025-12-13 00:04:18,229 - INFO - Found empty file: C:\Users\hryma\Downloads\Nová složka - kopie (4)
2025-12-13 00:04:18,229 - INFO - Found empty file: C:\Users\hryma\Downloads\Nová složka - kopie (5)
2025-12-13 00:04:33,991 - INFO - Uživatel potvrdil mazání.
2025-12-13 00:04:34,857 - INFO - Found empty file: C:\Users\hryma\Downloads\Nová složka
2025-12-13 00:04:34,857 - INFO - Deleted file: C:\Users\hryma\Downloads\Nová složka
2025-12-13 00:04:34,858 - INFO - Found empty file: C:\Users\hryma\Downloads\Nová složka - kopie
2025-12-13 00:04:34,858 - INFO - Deleted file: C:\Users\hryma\Downloads\Nová složka - kopie
2025-12-13 00:04:34,858 - INFO - Found empty file: C:\Users\hryma\Downloads\Nová složka - kopie (2)
2025-12-13 00:04:34,858 - INFO - Deleted file: C:\Users\hryma\Downloads\Nová složka - kopie (2)
2025-12-13 00:04:34,858 - INFO - Found empty file: C:\Users\hryma\Downloads\Nová složka - kopie (3)
2025-12-13 00:04:34,858 - INFO - Deleted file: C:\Users\hryma\Downloads\Nová složka - kopie (3)
2025-12-13 00:04:34,859 - INFO - Found empty file: C:\Users\hryma\Downloads\Nová složka - kopie (4)
2025-12-13 00:04:34,859 - INFO - Deleted file: C:\Users\hryma\Downloads\Nová složka - kopie (4)
2025-12-13 00:04:34,859 - INFO - Found empty file: C:\Users\hryma\Downloads\Nová složka - kopie (5)
2025-12-13 00:04:34,860 - INFO - Deleted file: C:\Users\hryma\Downloads\Nová složka - kopie (5)
