2025-12-12 00:59:03,490 - INFO - Starting searching paths: C:\Users\hryma\Downloads
2025-12-12 00:59:03,491 - INFO - Erasing: True
2025-12-12 00:59:04,474 - INFO - Found empty file: C:\Users\hryma\Downloads\Nová složka
2025-12-12 00:59:04,474 - INFO - Found empty file: C:\Users\hryma\Downloads\Nová složka (2)
2025-12-12 00:59:04,474 - INFO - Found empty file: C:\Users\hryma\Downloads\Nová složka (3)
2025-12-12 00:59:04,474 - INFO - Found empty file: C:\Users\hryma\Downloads\Nová složka - kopie
2025-12-12 00:59:04,474 - INFO - Found empty file: C:\Users\hryma\Downloads\Nová složka - kopie (2)
2025-12-12 00:59:04,474 - INFO - Found empty file: C:\Users\hryma\Downloads\Nová složka - kopie (3)
2025-12-12 00:59:04,474 - INFO - Found empty file: C:\Users\hryma\Downloads\Nová složka - kopie (4)
2025-12-12 00:59:04,868 - INFO - End

2025-12-12 01:00:13,418 - INFO - Starting searching paths: C:\Users\hryma\Downloads
2025-12-12 01:00:13,418 - INFO - Erasing: True
2025-12-12 01:00:14,609 - INFO - Found empty file: C:\Users\hryma\Downloads\Nová složka
2025-12-12 01:00:14,609 - INFO - Found empty file: C:\Users\hryma\Downloads\Nová složka (2)
2025-12-12 01:00:14,609 - INFO - Found empty file: C:\Users\hryma\Downloads\Nová složka (3)
2025-12-12 01:00:14,609 - INFO - Found empty file: C:\Users\hryma\Downloads\Nová složka - kopie
2025-12-12 01:00:14,609 - INFO - Found empty file: C:\Users\hryma\Downloads\Nová složka - kopie (2)
2025-12-12 01:00:14,610 - INFO - Found empty file: C:\Users\hryma\Downloads\Nová složka - kopie (3)
2025-12-12 01:00:14,610 - INFO - Found empty file: C:\Users\hryma\Downloads\Nová složka - kopie (4)
2025-12-12 01:00:15,141 - INFO - End

